[debug] [2021-06-25T14:33:26.471Z] ----------------------------------------------------------------------
[debug] [2021-06-25T14:33:26.474Z] Command:       C:\Program Files\nodejs\node.exe C:\Users\tunde\AppData\Roaming\npm\node_modules\firebase-tools\lib\bin\firebase.js init
[debug] [2021-06-25T14:33:26.474Z] CLI Version:   9.14.0
[debug] [2021-06-25T14:33:26.474Z] Platform:      win32
[debug] [2021-06-25T14:33:26.474Z] Node Version:  v12.16.3
[debug] [2021-06-25T14:33:26.475Z] Time:          Fri Jun 25 2021 15:33:26 GMT+0100 (West Africa Standard Time)
[debug] [2021-06-25T14:33:26.476Z] ----------------------------------------------------------------------
[debug] 
[debug] [2021-06-25T14:33:26.488Z] > command requires scopes: ["email","openid","https://www.googleapis.com/auth/cloudplatformprojects.readonly","https://www.googleapis.com/auth/firebase","https://www.googleapis.com/auth/cloud-platform"]
[debug] [2021-06-25T14:33:26.488Z] > authorizing via signed-in user (oduguwaoa@gmail.com)
[info] 
     ######## #### ########  ######## ########     ###     ######  ########
     ##        ##  ##     ## ##       ##     ##  ##   ##  ##       ##
     ######    ##  ########  ######   ########  #########  ######  ######
     ##        ##  ##    ##  ##       ##     ## ##     ##       ## ##
     ##       #### ##     ## ######## ########  ##     ##  ######  ########

You're about to initialize a Firebase project in this directory:

  C:\Users\tunde\Documents\Marvy\FashionSite

[info] 
=== Project Setup
[info] 
[info] First, let's associate this project directory with a Firebase project.
[info] You can create multiple project aliases by running firebase use --add, 
[info] but for now we'll just set up a default project.
[info] 
[debug] [2021-06-25T14:34:20.845Z] >>> [apiv2][query] GET https://firebase.googleapis.com/v1beta1/projects pageSize=100
[debug] [2021-06-25T14:34:22.224Z] <<< [apiv2][status] GET https://firebase.googleapis.com/v1beta1/projects 200
[debug] [2021-06-25T14:34:22.225Z] <<< [apiv2][body] GET https://firebase.googleapis.com/v1beta1/projects [omitted]
[info] i  Using project marvee-942dc (Marvee) 
[info] 
=== Hosting Setup
[info] 
[info] Your public directory is the folder (relative to your project directory) that
[info] will contain Hosting assets to be uploaded with firebase deploy. If you
[info] have a build process for your assets, use your build's output directory.
[info] 
